Archive Project report for DE2_115_Media_Computer
Wed Jan 22 12:13:53 2020
Quartus II 64-Bit Version 13.0.1 Build 232 06/12/2013 Service Pack 1 SJ Web Edition


---------------------
; Table of Contents ;
---------------------
  1. Legal Notice
  2. Archive Project Summary
  3. Archive Project Messages
  4. Files Archived



----------------
; Legal Notice ;
----------------
Copyright (C) 1991-2013 Altera Corporation
Your use of Altera Corporation's design tools, logic functions 
and other software and tools, and its AMPP partner logic 
functions, and any output files from any of the foregoing 
(including device programming or simulation files), and any 
associated documentation or information are expressly subject 
to the terms and conditions of the Altera Program License 
Subscription Agreement, Altera MegaCore Function License 
Agreement, or other applicable license agreement, including, 
without limitation, that your use is for the sole purpose of 
programming logic devices manufactured by Altera and sold by 
Altera or its authorized distributors.  Please refer to the 
applicable agreement for further details.



+----------------------------------------------------------------+
; Archive Project Summary                                        ;
+------------------------+---------------------------------------+
; Archive Project Status ; Successful - Wed Jan 22 12:13:53 2020 ;
; Revision Name          ; DE2_115_Media_Computer                ;
; Top-level Entity Name  ; DE2_115_Media_Computer                ;
; Family                 ; Cyclone IV E                          ;
+------------------------+---------------------------------------+


+--------------------------+
; Archive Project Messages ;
+--------------------------+
Info: File Set 'Source control' contains:
    Info: Project source and settings files
    Info: Automatically detected source files
Critical Warning: Analysis & Elaboration was not run successfully
    Critical Warning: The 'Automatically detected source files' file subset will attempt to guess which files are needed. The archive file will likely be larger than required and may still be incomplete.
Info: Parsing: writeControl.vhd
Info: Parsing: sine_wave.vhd
Info: Parsing: sine_package.vhd
Info: Parsing: rythmcontroller.vhd
Info: Parsing: reg.vhd
Info: Parsing: readControl.vhd
Info: Parsing: pwm.vhd
Info: Parsing: DE2_115_Media_Computer.vhd
Info: Parsing: CopySamples.vhd
Info: Parsing: copy_module.vhd
Info: Parsing: clock_generator.v
Info: Parsing: audio_codec.v
Info: Parsing: audio_and_video_config.v
Info: Parsing: Altera_UP_SYNC_FIFO.v
Info: Parsing: Altera_UP_Slow_Clock_Generator.v
Info: Parsing: Altera_UP_I2C_LCM_Auto_Initialize.v
Info: Parsing: Altera_UP_I2C_DC_Auto_Initialize.v
Info: Parsing: Altera_UP_I2C_AV_Auto_Initialize.v
Info: Parsing: Altera_UP_I2C.v
Info: Parsing: Altera_UP_Clock_Edge.v
Info: Parsing: Altera_UP_Audio_Out_Serializer.v
Info: Parsing: Altera_UP_Audio_In_Deserializer.v
Info: Parsing: Altera_UP_Audio_Bit_Counter.v
Info: Parsing: nios_system/synthesis/nios_system.vhd
Info: Parsing: nios_system/synthesis/nios_system_width_adapter.vhd
Info: Parsing: nios_system/synthesis/nios_system_width_adapter_001.vhd
Info: Parsing: nios_system/synthesis/nios_system_width_adapter_003.vhd
Info: Parsing: nios_system/synthesis/nios_system_width_adapter_004.vhd
Info: Parsing: nios_system/synthesis/nios_system_burst_adapter.vhd
Info: Parsing: nios_system/synthesis/nios_system_burst_adapter_001.vhd
Info: Parsing: nios_system/synthesis/nios_system_rst_controller.vhd
Info: Parsing: nios_system/synthesis/nios_system_rst_controller_002.vhd
Info: Parsing: nios_system/synthesis/nios_system_rst_controller_003.vhd
Info: Parsing: nios_system/synthesis/nios_system_cpu_jtag_debug_module_translator_avalon_universal_slave_0_agent_rsp_fifo.vhd
Info: Parsing: nios_system/synthesis/nios_system_char_lcd_16x2_avalon_lcd_slave_translator_avalon_universal_slave_0_agent_rsp_fifo.vhd
Info: Parsing: nios_system/synthesis/nios_system_sram_avalon_sram_slave_translator_avalon_universal_slave_0_agent_rsp_fifo.vhd
Info: Parsing: nios_system/synthesis/nios_system_sram_avalon_sram_slave_translator_avalon_universal_slave_0_agent_rdata_fifo.vhd
Info: Parsing: nios_system/synthesis/nios_system_cpu_jtag_debug_module_translator_avalon_universal_slave_0_agent.vhd
Info: Parsing: nios_system/synthesis/nios_system_char_lcd_16x2_avalon_lcd_slave_translator_avalon_universal_slave_0_agent.vhd
Info: Parsing: nios_system/synthesis/nios_system_sram_avalon_sram_slave_translator_avalon_universal_slave_0_agent.vhd
Info: Parsing: nios_system/synthesis/nios_system_cpu_instruction_master_translator.vhd
Info: Parsing: nios_system/synthesis/nios_system_cpu_data_master_translator.vhd
Info: Parsing: nios_system/synthesis/nios_system_vga_pixel_buffer_avalon_pixel_dma_master_translator.vhd
Info: Parsing: nios_system/synthesis/nios_system_video_in_dma_controller_avalon_dma_master_translator.vhd
Info: Parsing: nios_system/synthesis/nios_system_cpu_jtag_debug_module_translator.vhd
Info: Parsing: nios_system/synthesis/nios_system_sdram_s1_translator.vhd
Info: Parsing: nios_system/synthesis/nios_system_flash_flash_data_translator.vhd
Info: Parsing: nios_system/synthesis/nios_system_jtag_uart_avalon_jtag_slave_translator.vhd
Info: Parsing: nios_system/synthesis/nios_system_interval_timer_s1_translator.vhd
Info: Parsing: nios_system/synthesis/nios_system_sysid_control_slave_translator.vhd
Info: Parsing: nios_system/synthesis/nios_system_red_leds_avalon_parallel_port_slave_translator.vhd
Info: Parsing: nios_system/synthesis/nios_system_serial_port_avalon_rs232_slave_translator.vhd
Info: Parsing: nios_system/synthesis/nios_system_char_lcd_16x2_avalon_lcd_slave_translator.vhd
Info: Parsing: nios_system/synthesis/nios_system_ps2_port_avalon_ps2_slave_translator.vhd
Info: Parsing: nios_system/synthesis/nios_system_sram_avalon_sram_slave_translator.vhd
Info: Parsing: nios_system/synthesis/nios_system_vga_char_buffer_avalon_char_buffer_slave_translator.vhd
Info: Parsing: nios_system/synthesis/nios_system_av_config_avalon_av_config_slave_translator.vhd
Info: Parsing: nios_system/synthesis/nios_system_vga_pixel_buffer_avalon_control_slave_translator.vhd
Info: Parsing: nios_system/synthesis/nios_system_audio_avalon_audio_slave_translator.vhd
Info: Parsing: nios_system/synthesis/nios_system_flash_flash_erase_control_translator.vhd
Info: Parsing: nios_system/synthesis/nios_system_sd_card_avalon_sdcard_slave_translator.vhd
Info: Parsing: nios_system/synthesis/nios_system_usb_avalon_usb_slave_translator.vhd
Info: Parsing: nios_system/synthesis/nios_system_cpu_instruction_master_translator_avalon_universal_master_0_agent.vhd
Info: Parsing: nios_system/synthesis/nios_system_vga_pixel_buffer_avalon_pixel_dma_master_translator_avalon_universal_master_0_agent.vhd
Info: Parsing: nios_system/synthesis/submodules/nios_system_irq_mapper.sv
Info: Parsing: nios_system/synthesis/submodules/altera_merlin_width_adapter.sv
Info: Parsing: nios_system/synthesis/submodules/altera_merlin_address_alignment.sv
Info: Parsing: nios_system/synthesis/submodules/altera_merlin_burst_uncompressor.sv
Info: Parsing: nios_system/synthesis/submodules/altera_merlin_arbitrator.sv
Info: Parsing: nios_system/synthesis/submodules/nios_system_rsp_xbar_mux_001.sv
Info: Parsing: nios_system/synthesis/submodules/nios_system_rsp_xbar_mux.sv
Info: Parsing: nios_system/synthesis/submodules/nios_system_rsp_xbar_demux_016.sv
Info: Parsing: nios_system/synthesis/submodules/nios_system_rsp_xbar_demux_014.sv
Info: Parsing: nios_system/synthesis/submodules/nios_system_rsp_xbar_demux_003.sv
Info: Parsing: nios_system/synthesis/submodules/nios_system_rsp_xbar_demux.sv
Info: Parsing: nios_system/synthesis/submodules/nios_system_cmd_xbar_mux_016.sv
Info: Parsing: nios_system/synthesis/submodules/nios_system_cmd_xbar_mux.sv
Info: Parsing: nios_system/synthesis/submodules/nios_system_cmd_xbar_demux_002.sv
Info: Parsing: nios_system/synthesis/submodules/nios_system_cmd_xbar_demux_001.sv
Info: Parsing: nios_system/synthesis/submodules/nios_system_cmd_xbar_demux.sv
Info: Parsing: nios_system/synthesis/submodules/altera_reset_controller.v
Info: Parsing: nios_system/synthesis/submodules/altera_reset_synchronizer.v
Info: Parsing: nios_system/synthesis/submodules/altera_merlin_burst_adapter.sv
Info: Parsing: nios_system/synthesis/submodules/altera_merlin_traffic_limiter.sv
Info: Parsing: nios_system/synthesis/submodules/altera_avalon_st_pipeline_base.v
Info: Parsing: nios_system/synthesis/submodules/nios_system_id_router_016.sv
Info: Parsing: nios_system/synthesis/submodules/nios_system_id_router_014.sv
Info: Parsing: nios_system/synthesis/submodules/nios_system_id_router_003.sv
Info: Parsing: nios_system/synthesis/submodules/nios_system_id_router.sv
Info: Parsing: nios_system/synthesis/submodules/nios_system_addr_router_002.sv
Info: Parsing: nios_system/synthesis/submodules/nios_system_addr_router_001.sv
Info: Parsing: nios_system/synthesis/submodules/nios_system_addr_router.sv
Info: Parsing: nios_system/synthesis/submodules/altera_avalon_sc_fifo.v
Info: Parsing: nios_system/synthesis/submodules/altera_merlin_slave_agent.sv
Info: Parsing: nios_system/synthesis/submodules/altera_merlin_master_agent.sv
Info: Parsing: nios_system/synthesis/submodules/altera_merlin_slave_translator.sv
Info: Parsing: nios_system/synthesis/submodules/altera_merlin_master_translator.sv
Info: Parsing: nios_system/synthesis/submodules/altera_customins_slave_translator.sv
Info: Parsing: nios_system/synthesis/submodules/nios_system_CPU_custom_instruction_master_multi_xconnect.sv
Info: Parsing: nios_system/synthesis/submodules/altera_customins_master_translator.v
Info: Parsing: nios_system/synthesis/submodules/nios_system_USB.v
Info: Parsing: nios_system/synthesis/submodules/altera_up_video_dma_control_slave.v
Info: Parsing: nios_system/synthesis/submodules/altera_up_video_dma_to_memory.v
Info: Parsing: nios_system/synthesis/submodules/altera_up_video_dma_to_stream.v
Info: Parsing: nios_system/synthesis/submodules/nios_system_Video_In_DMA_Controller.v
Info: Parsing: nios_system/synthesis/submodules/altera_up_video_scaler_shrink.v
Info: Parsing: nios_system/synthesis/submodules/altera_up_video_scaler_multiply_width.v
Info: Parsing: nios_system/synthesis/submodules/altera_up_video_scaler_multiply_height.v
Info: Parsing: nios_system/synthesis/submodules/nios_system_Video_In_Scaler.v
Info: Parsing: nios_system/synthesis/submodules/altera_up_video_clipper_add.v
Info: Parsing: nios_system/synthesis/submodules/altera_up_video_clipper_drop.v
Info: Parsing: nios_system/synthesis/submodules/altera_up_video_clipper_counters.v
Info: Parsing: nios_system/synthesis/submodules/nios_system_Video_In_Clipper.v
Info: Parsing: nios_system/synthesis/submodules/nios_system_Video_In_RGB_Resampler.v
Info: Parsing: nios_system/synthesis/submodules/altera_up_YCrCb_to_RGB_converter.v
Info: Parsing: nios_system/synthesis/submodules/altera_up_RGB_to_YCrCb_converter.v
Info: Parsing: nios_system/synthesis/submodules/nios_system_Video_In_CSC.v
Info: Parsing: nios_system/synthesis/submodules/nios_system_Video_In_Chroma_Resampler.v
Info: Parsing: nios_system/synthesis/submodules/altera_up_video_itu_656_decoder.v
Info: Parsing: nios_system/synthesis/submodules/altera_up_video_decoder_add_endofpacket.v
Info: Parsing: nios_system/synthesis/submodules/altera_up_video_camera_decoder.v
Info: Parsing: nios_system/synthesis/submodules/altera_up_video_dual_clock_fifo.v
Info: Parsing: nios_system/synthesis/submodules/nios_system_Video_In.v
Info: Parsing: nios_system/synthesis/submodules/altera_up_irda_counters.v
Info: Parsing: nios_system/synthesis/submodules/altera_up_irda_in_deserializer.v
Info: Parsing: nios_system/synthesis/submodules/altera_up_irda_out_serializer.v
Info: Parsing: nios_system/synthesis/submodules/altera_up_sync_fifo.v
Info: Parsing: nios_system/synthesis/submodules/nios_system_IrDA.v
Info: Parsing: nios_system/synthesis/submodules/Altera_UP_SD_Card_Avalon_Interface.vhd
Info: Parsing: nios_system/synthesis/submodules/Altera_UP_SD_Card_48_bit_Command_Generator.vhd
Info: Parsing: nios_system/synthesis/submodules/Altera_UP_SD_Card_Buffer.vhd
Info: Parsing: nios_system/synthesis/submodules/Altera_UP_SD_Card_Clock.vhd
Info: Parsing: nios_system/synthesis/submodules/Altera_UP_SD_Card_Control_FSM.vhd
Info: Parsing: nios_system/synthesis/submodules/Altera_UP_SD_Card_Interface.vhd
Info: Parsing: nios_system/synthesis/submodules/Altera_UP_SD_Card_Memory_Block.vhd
Info: Parsing: nios_system/synthesis/submodules/Altera_UP_SD_Card_Response_Receiver.vhd
Info: Parsing: nios_system/synthesis/submodules/Altera_UP_SD_CRC16_Generator.vhd
Info: Parsing: nios_system/synthesis/submodules/Altera_UP_SD_CRC7_Generator.vhd
Info: Parsing: nios_system/synthesis/submodules/Altera_UP_SD_Signal_Trigger.vhd
Info: Parsing: nios_system/synthesis/submodules/Altera_UP_Flash_Memory_IP_Core_Avalon_Interface.vhd
Info: Parsing: nios_system/synthesis/submodules/Altera_UP_Flash_Memory_Controller.vhd
Info: Parsing: nios_system/synthesis/submodules/Altera_UP_Flash_Memory_IP_Core_Standalone.vhd
Info: Parsing: nios_system/synthesis/submodules/Altera_UP_Flash_Memory_User_Interface.vhd
Info: Parsing: nios_system/synthesis/submodules/nios_system_External_Clocks.v
Info: Parsing: nios_system/synthesis/submodules/nios_system_sysid.v
Info: Not parsing encrypted file: nios_system/synthesis/submodules/nios_system_CPU.ocp
Info: Not parsing encrypted file: nios_system/synthesis/submodules/nios_system_CPU.v
Info: Parsing: nios_system/synthesis/submodules/nios_system_CPU_jtag_debug_module_sysclk.v
Info: Parsing: nios_system/synthesis/submodules/nios_system_CPU_jtag_debug_module_tck.v
Info: Parsing: nios_system/synthesis/submodules/nios_system_CPU_jtag_debug_module_wrapper.v
Info: Parsing: nios_system/synthesis/submodules/nios_system_CPU_mult_cell.v
Info: Parsing: nios_system/synthesis/submodules/nios_system_CPU_oci_test_bench.v
Info: Parsing: nios_system/synthesis/submodules/nios_system_CPU_test_bench.v
Info: Parsing: nios_system/synthesis/submodules/altera_up_video_alpha_blender_normal.v
Info: Parsing: nios_system/synthesis/submodules/altera_up_video_alpha_blender_simple.v
Info: Parsing: nios_system/synthesis/submodules/nios_system_Alpha_Blending.v
Info: Parsing: nios_system/synthesis/submodules/fpoint_wrapper.v
Info: Parsing: nios_system/synthesis/submodules/fpoint_qsys.v
Info: Parsing: nios_system/synthesis/submodules/fpoint_hw_qsys.v
Info: Parsing: nios_system/synthesis/submodules/nios_system_VGA_Dual_Clock_FIFO.v
Info: Parsing: nios_system/synthesis/submodules/nios_system_VGA_Pixel_Scaler.v
Info: Parsing: nios_system/synthesis/submodules/nios_system_VGA_Pixel_RGB_Resampler.v
Info: Parsing: nios_system/synthesis/submodules/altera_up_avalon_video_vga_timing.v
Info: Parsing: nios_system/synthesis/submodules/nios_system_VGA_Controller.v
Info: Parsing: nios_system/synthesis/submodules/altera_up_video_128_character_rom.v
Info: Discovered: nios_system/synthesis/submodules/altera_up_video_char_mode_rom_128.mif
Info: Parsing: nios_system/synthesis/submodules/altera_up_video_fb_color_rom.v
Info: Discovered: nios_system/synthesis/submodules/altera_up_video_fb_color_rom.mif
Info: Parsing: nios_system/synthesis/submodules/nios_system_VGA_Char_Buffer.v
Info: Parsing: nios_system/synthesis/submodules/nios_system_VGA_Pixel_Buffer.v
Info: Parsing: nios_system/synthesis/submodules/nios_system_SRAM.v
Info: Parsing: nios_system/synthesis/submodules/altera_up_ps2.v
Info: Parsing: nios_system/synthesis/submodules/altera_up_ps2_command_out.v
Info: Parsing: nios_system/synthesis/submodules/altera_up_ps2_data_in.v
Info: Parsing: nios_system/synthesis/submodules/nios_system_PS2_Port.v
Info: Parsing: nios_system/synthesis/submodules/altera_up_character_lcd_communication.v
Info: Parsing: nios_system/synthesis/submodules/altera_up_character_lcd_initialization.v
Info: Parsing: nios_system/synthesis/submodules/nios_system_Char_LCD_16x2.v
Info: Parsing: nios_system/synthesis/submodules/altera_up_audio_bit_counter.v
Info: Parsing: nios_system/synthesis/submodules/altera_up_audio_in_deserializer.v
Info: Parsing: nios_system/synthesis/submodules/altera_up_audio_out_serializer.v
Info: Parsing: nios_system/synthesis/submodules/altera_up_clock_edge.v
Info: Parsing: nios_system/synthesis/submodules/nios_system_Audio.v
Info: Parsing: nios_system/synthesis/submodules/altera_up_av_config_serial_bus_controller.v
Info: Parsing: nios_system/synthesis/submodules/altera_up_slow_clock_generator.v
Info: Parsing: nios_system/synthesis/submodules/altera_up_av_config_auto_init.v
Info: Parsing: nios_system/synthesis/submodules/altera_up_av_config_auto_init_dc2.v
Info: Parsing: nios_system/synthesis/submodules/altera_up_av_config_auto_init_d5m.v
Info: Parsing: nios_system/synthesis/submodules/altera_up_av_config_auto_init_lcm.v
Info: Parsing: nios_system/synthesis/submodules/altera_up_av_config_auto_init_ltm.v
Info: Parsing: nios_system/synthesis/submodules/altera_up_av_config_auto_init_ob_de2_35.v
Info: Parsing: nios_system/synthesis/submodules/altera_up_av_config_auto_init_ob_adv7181.v
Info: Parsing: nios_system/synthesis/submodules/altera_up_av_config_auto_init_ob_de2_70.v
Info: Parsing: nios_system/synthesis/submodules/altera_up_av_config_auto_init_ob_de2_115.v
Info: Parsing: nios_system/synthesis/submodules/altera_up_av_config_auto_init_ob_audio.v
Info: Parsing: nios_system/synthesis/submodules/altera_up_av_config_auto_init_ob_adv7180.v
Info: Parsing: nios_system/synthesis/submodules/nios_system_AV_Config.v
Info: Parsing: nios_system/synthesis/submodules/altera_up_rs232_counters.v
Info: Parsing: nios_system/synthesis/submodules/altera_up_rs232_in_deserializer.v
Info: Parsing: nios_system/synthesis/submodules/altera_up_rs232_out_serializer.v
Info: Parsing: nios_system/synthesis/submodules/nios_system_Serial_Port.v
Info: Parsing: nios_system/synthesis/submodules/nios_system_Expansion_JP5.v
Info: Parsing: nios_system/synthesis/submodules/nios_system_Pushbuttons.v
Info: Parsing: nios_system/synthesis/submodules/nios_system_Slider_Switches.v
Info: Parsing: nios_system/synthesis/submodules/nios_system_HEX7_HEX4.v
Info: Parsing: nios_system/synthesis/submodules/nios_system_HEX3_HEX0.v
Info: Parsing: nios_system/synthesis/submodules/nios_system_Green_LEDs.v
Info: Parsing: nios_system/synthesis/submodules/nios_system_Red_LEDs.v
Info: Parsing: nios_system/synthesis/submodules/nios_system_SDRAM.v
Info: Parsing: nios_system/synthesis/submodules/nios_system_Interval_Timer.v
Info: Parsing: nios_system/synthesis/submodules/nios_system_JTAG_UART.v
Info: ----------------------------------------------------------
Info: ----------------------------------------------------------
Info: Generated archive 'C:/Sciebo/THK/DTS/Drum_maschine/DE2-115_Media_Computer/vhdl/Druma_Machine_Archive.qar'
Info: ----------------------------------------------------------
Info: ----------------------------------------------------------
Info: Generated report 'DE2_115_Media_Computer.archive.rpt'
Info (23030): Evaluation of Tcl script c:/altera/13.0sp1/quartus/common/tcl/apps/qpm/qar.tcl was successful
Info: Quartus II 64-Bit Shell was successful. 0 errors, 2 warnings
    Info: Peak virtual memory: 4471 megabytes
    Info: Processing ended: Wed Jan 22 12:13:53 2020
    Info: Elapsed time: 00:00:06
    Info: Total CPU time (on all processors): 00:00:03


+---------------------------------------------------------------------------------------------------------------------------+
; Files Archived                                                                                                            ;
+---------------------------------------------------------------------------------------------------------------------------+
; File Name                                                                                                                 ;
+---------------------------------------------------------------------------------------------------------------------------+
; Altera_UP_Audio_Bit_Counter.v                                                                                             ;
; Altera_UP_Audio_In_Deserializer.v                                                                                         ;
; Altera_UP_Audio_Out_Serializer.v                                                                                          ;
; Altera_UP_Clock_Edge.v                                                                                                    ;
; Altera_UP_I2C.v                                                                                                           ;
; Altera_UP_I2C_AV_Auto_Initialize.v                                                                                        ;
; Altera_UP_I2C_DC_Auto_Initialize.v                                                                                        ;
; Altera_UP_I2C_LCM_Auto_Initialize.v                                                                                       ;
; Altera_UP_Slow_Clock_Generator.v                                                                                          ;
; Altera_UP_SYNC_FIFO.v                                                                                                     ;
; assignment_defaults.qdf                                                                                                   ;
; audio_and_video_config.v                                                                                                  ;
; audio_codec.v                                                                                                             ;
; clock_generator.v                                                                                                         ;
; copy_module.vhd                                                                                                           ;
; CopySamples (conflicted copy 2020-01-21 162842).qws                                                                       ;
; CopySamples.qws                                                                                                           ;
; CopySamples.vhd                                                                                                           ;
; CopySamples_assignment_defaults.qdf                                                                                       ;
; db/ip/nios_system/nios_system.bsf                                                                                         ;
; db/ip/nios_system/nios_system.v                                                                                           ;
; DE2_115_Media_Computer.flow.rpt                                                                                           ;
; DE2_115_Media_Computer.jdi                                                                                                ;
; DE2_115_Media_Computer.map.rpt                                                                                            ;
; DE2_115_Media_Computer.map.smsg                                                                                           ;
; DE2_115_Media_Computer.map.summary                                                                                        ;
; DE2_115_Media_Computer.qpf                                                                                                ;
; DE2_115_Media_Computer.qsf                                                                                                ;
; DE2_115_Media_Computer.sdc                                                                                                ;
; DE2_115_Media_Computer.sof                                                                                                ;
; DE2_115_Media_Computer.vhd                                                                                                ;
; de2_115_media_computer.vhd                                                                                                ;
; DE2_115_Media_Computer_assignment_defaults.qdf                                                                            ;
; nios_system.qsys                                                                                                          ;
; nios_system/synthesis/../../nios_system.qsys                                                                              ;
; nios_system/synthesis/../../nios_system.sopcinfo                                                                          ;
; nios_system/synthesis/nios_system.qip                                                                                     ;
; nios_system/synthesis/nios_system.vhd                                                                                     ;
; nios_system/synthesis/nios_system_audio_avalon_audio_slave_translator.vhd                                                 ;
; nios_system/synthesis/nios_system_av_config_avalon_av_config_slave_translator.vhd                                         ;
; nios_system/synthesis/nios_system_burst_adapter.vhd                                                                       ;
; nios_system/synthesis/nios_system_burst_adapter_001.vhd                                                                   ;
; nios_system/synthesis/nios_system_char_lcd_16x2_avalon_lcd_slave_translator.vhd                                           ;
; nios_system/synthesis/nios_system_char_lcd_16x2_avalon_lcd_slave_translator_avalon_universal_slave_0_agent.vhd            ;
; nios_system/synthesis/nios_system_char_lcd_16x2_avalon_lcd_slave_translator_avalon_universal_slave_0_agent_rsp_fifo.vhd   ;
; nios_system/synthesis/nios_system_cpu_data_master_translator.vhd                                                          ;
; nios_system/synthesis/nios_system_cpu_instruction_master_translator.vhd                                                   ;
; nios_system/synthesis/nios_system_cpu_instruction_master_translator_avalon_universal_master_0_agent.vhd                   ;
; nios_system/synthesis/nios_system_cpu_jtag_debug_module_translator.vhd                                                    ;
; nios_system/synthesis/nios_system_cpu_jtag_debug_module_translator_avalon_universal_slave_0_agent.vhd                     ;
; nios_system/synthesis/nios_system_cpu_jtag_debug_module_translator_avalon_universal_slave_0_agent_rsp_fifo.vhd            ;
; nios_system/synthesis/nios_system_flash_flash_data_translator.vhd                                                         ;
; nios_system/synthesis/nios_system_flash_flash_erase_control_translator.vhd                                                ;
; nios_system/synthesis/nios_system_interval_timer_s1_translator.vhd                                                        ;
; nios_system/synthesis/nios_system_jtag_uart_avalon_jtag_slave_translator.vhd                                              ;
; nios_system/synthesis/nios_system_ps2_port_avalon_ps2_slave_translator.vhd                                                ;
; nios_system/synthesis/nios_system_red_leds_avalon_parallel_port_slave_translator.vhd                                      ;
; nios_system/synthesis/nios_system_rst_controller.vhd                                                                      ;
; nios_system/synthesis/nios_system_rst_controller_002.vhd                                                                  ;
; nios_system/synthesis/nios_system_rst_controller_003.vhd                                                                  ;
; nios_system/synthesis/nios_system_sd_card_avalon_sdcard_slave_translator.vhd                                              ;
; nios_system/synthesis/nios_system_sdram_s1_translator.vhd                                                                 ;
; nios_system/synthesis/nios_system_serial_port_avalon_rs232_slave_translator.vhd                                           ;
; nios_system/synthesis/nios_system_sram_avalon_sram_slave_translator.vhd                                                   ;
; nios_system/synthesis/nios_system_sram_avalon_sram_slave_translator_avalon_universal_slave_0_agent.vhd                    ;
; nios_system/synthesis/nios_system_sram_avalon_sram_slave_translator_avalon_universal_slave_0_agent_rdata_fifo.vhd         ;
; nios_system/synthesis/nios_system_sram_avalon_sram_slave_translator_avalon_universal_slave_0_agent_rsp_fifo.vhd           ;
; nios_system/synthesis/nios_system_sysid_control_slave_translator.vhd                                                      ;
; nios_system/synthesis/nios_system_usb_avalon_usb_slave_translator.vhd                                                     ;
; nios_system/synthesis/nios_system_vga_char_buffer_avalon_char_buffer_slave_translator.vhd                                 ;
; nios_system/synthesis/nios_system_vga_pixel_buffer_avalon_control_slave_translator.vhd                                    ;
; nios_system/synthesis/nios_system_vga_pixel_buffer_avalon_pixel_dma_master_translator.vhd                                 ;
; nios_system/synthesis/nios_system_vga_pixel_buffer_avalon_pixel_dma_master_translator_avalon_universal_master_0_agent.vhd ;
; nios_system/synthesis/nios_system_video_in_dma_controller_avalon_dma_master_translator.vhd                                ;
; nios_system/synthesis/nios_system_width_adapter.vhd                                                                       ;
; nios_system/synthesis/nios_system_width_adapter_001.vhd                                                                   ;
; nios_system/synthesis/nios_system_width_adapter_003.vhd                                                                   ;
; nios_system/synthesis/nios_system_width_adapter_004.vhd                                                                   ;
; nios_system/synthesis/submodules/altera_avalon_sc_fifo.v                                                                  ;
; nios_system/synthesis/submodules/altera_avalon_st_pipeline_base.v                                                         ;
; nios_system/synthesis/submodules/altera_customins_master_translator.v                                                     ;
; nios_system/synthesis/submodules/altera_customins_slave_translator.sv                                                     ;
; nios_system/synthesis/submodules/altera_merlin_address_alignment.sv                                                       ;
; nios_system/synthesis/submodules/altera_merlin_arbitrator.sv                                                              ;
; nios_system/synthesis/submodules/altera_merlin_burst_adapter.sv                                                           ;
; nios_system/synthesis/submodules/altera_merlin_burst_uncompressor.sv                                                      ;
; nios_system/synthesis/submodules/altera_merlin_master_agent.sv                                                            ;
; nios_system/synthesis/submodules/altera_merlin_master_translator.sv                                                       ;
; nios_system/synthesis/submodules/altera_merlin_slave_agent.sv                                                             ;
; nios_system/synthesis/submodules/altera_merlin_slave_translator.sv                                                        ;
; nios_system/synthesis/submodules/altera_merlin_traffic_limiter.sv                                                         ;
; nios_system/synthesis/submodules/altera_merlin_width_adapter.sv                                                           ;
; nios_system/synthesis/submodules/altera_reset_controller.sdc                                                              ;
; nios_system/synthesis/submodules/altera_reset_controller.v                                                                ;
; nios_system/synthesis/submodules/altera_reset_synchronizer.v                                                              ;
; nios_system/synthesis/submodules/altera_up_audio_bit_counter.v                                                            ;
; nios_system/synthesis/submodules/altera_up_audio_in_deserializer.v                                                        ;
; nios_system/synthesis/submodules/altera_up_audio_out_serializer.v                                                         ;
; nios_system/synthesis/submodules/altera_up_av_config_auto_init.v                                                          ;
; nios_system/synthesis/submodules/altera_up_av_config_auto_init_d5m.v                                                      ;
; nios_system/synthesis/submodules/altera_up_av_config_auto_init_dc2.v                                                      ;
; nios_system/synthesis/submodules/altera_up_av_config_auto_init_lcm.v                                                      ;
; nios_system/synthesis/submodules/altera_up_av_config_auto_init_ltm.v                                                      ;
; nios_system/synthesis/submodules/altera_up_av_config_auto_init_ob_adv7180.v                                               ;
; nios_system/synthesis/submodules/altera_up_av_config_auto_init_ob_adv7181.v                                               ;
; nios_system/synthesis/submodules/altera_up_av_config_auto_init_ob_audio.v                                                 ;
; nios_system/synthesis/submodules/altera_up_av_config_auto_init_ob_de2_35.v                                                ;
; nios_system/synthesis/submodules/altera_up_av_config_auto_init_ob_de2_70.v                                                ;
; nios_system/synthesis/submodules/altera_up_av_config_auto_init_ob_de2_115.v                                               ;
; nios_system/synthesis/submodules/altera_up_av_config_serial_bus_controller.v                                              ;
; nios_system/synthesis/submodules/altera_up_avalon_video_vga_timing.v                                                      ;
; nios_system/synthesis/submodules/altera_up_character_lcd_communication.v                                                  ;
; nios_system/synthesis/submodules/altera_up_character_lcd_initialization.v                                                 ;
; nios_system/synthesis/submodules/altera_up_clock_edge.v                                                                   ;
; nios_system/synthesis/submodules/Altera_UP_Flash_Memory_Controller.vhd                                                    ;
; nios_system/synthesis/submodules/Altera_UP_Flash_Memory_IP_Core_Avalon_Interface.vhd                                      ;
; nios_system/synthesis/submodules/Altera_UP_Flash_Memory_IP_Core_Standalone.vhd                                            ;
; nios_system/synthesis/submodules/Altera_UP_Flash_Memory_User_Interface.vhd                                                ;
; nios_system/synthesis/submodules/altera_up_irda_counters.v                                                                ;
; nios_system/synthesis/submodules/altera_up_irda_in_deserializer.v                                                         ;
; nios_system/synthesis/submodules/altera_up_irda_out_serializer.v                                                          ;
; nios_system/synthesis/submodules/altera_up_ps2.v                                                                          ;
; nios_system/synthesis/submodules/altera_up_ps2_command_out.v                                                              ;
; nios_system/synthesis/submodules/altera_up_ps2_data_in.v                                                                  ;
; nios_system/synthesis/submodules/altera_up_RGB_to_YCrCb_converter.v                                                       ;
; nios_system/synthesis/submodules/altera_up_rs232_counters.v                                                               ;
; nios_system/synthesis/submodules/altera_up_rs232_in_deserializer.v                                                        ;
; nios_system/synthesis/submodules/altera_up_rs232_out_serializer.v                                                         ;
; nios_system/synthesis/submodules/Altera_UP_SD_Card_48_bit_Command_Generator.vhd                                           ;
; nios_system/synthesis/submodules/Altera_UP_SD_Card_Avalon_Interface.vhd                                                   ;
; nios_system/synthesis/submodules/Altera_UP_SD_Card_Buffer.vhd                                                             ;
; nios_system/synthesis/submodules/Altera_UP_SD_Card_Clock.vhd                                                              ;
; nios_system/synthesis/submodules/Altera_UP_SD_Card_Control_FSM.vhd                                                        ;
; nios_system/synthesis/submodules/Altera_UP_SD_Card_Interface.vhd                                                          ;
; nios_system/synthesis/submodules/Altera_UP_SD_Card_Memory_Block.bsf                                                       ;
; nios_system/synthesis/submodules/Altera_UP_SD_Card_Memory_Block.cmp                                                       ;
; nios_system/synthesis/submodules/Altera_UP_SD_Card_Memory_Block.qip                                                       ;
; nios_system/synthesis/submodules/Altera_UP_SD_Card_Memory_Block.vhd                                                       ;
; nios_system/synthesis/submodules/Altera_UP_SD_Card_Response_Receiver.vhd                                                  ;
; nios_system/synthesis/submodules/Altera_UP_SD_CRC7_Generator.vhd                                                          ;
; nios_system/synthesis/submodules/Altera_UP_SD_CRC16_Generator.vhd                                                         ;
; nios_system/synthesis/submodules/Altera_UP_SD_Signal_Trigger.vhd                                                          ;
; nios_system/synthesis/submodules/altera_up_slow_clock_generator.v                                                         ;
; nios_system/synthesis/submodules/altera_up_sync_fifo.v                                                                    ;
; nios_system/synthesis/submodules/altera_up_video_128_character_rom.v                                                      ;
; nios_system/synthesis/submodules/altera_up_video_alpha_blender_normal.v                                                   ;
; nios_system/synthesis/submodules/altera_up_video_alpha_blender_simple.v                                                   ;
; nios_system/synthesis/submodules/altera_up_video_camera_decoder.v                                                         ;
; nios_system/synthesis/submodules/altera_up_video_char_mode_rom_128.mif                                                    ;
; nios_system/synthesis/submodules/altera_up_video_clipper_add.v                                                            ;
; nios_system/synthesis/submodules/altera_up_video_clipper_counters.v                                                       ;
; nios_system/synthesis/submodules/altera_up_video_clipper_drop.v                                                           ;
; nios_system/synthesis/submodules/altera_up_video_decoder_add_endofpacket.v                                                ;
; nios_system/synthesis/submodules/altera_up_video_dma_control_slave.v                                                      ;
; nios_system/synthesis/submodules/altera_up_video_dma_to_memory.v                                                          ;
; nios_system/synthesis/submodules/altera_up_video_dma_to_stream.v                                                          ;
; nios_system/synthesis/submodules/altera_up_video_dual_clock_fifo.v                                                        ;
; nios_system/synthesis/submodules/altera_up_video_fb_color_rom.mif                                                         ;
; nios_system/synthesis/submodules/altera_up_video_fb_color_rom.v                                                           ;
; nios_system/synthesis/submodules/altera_up_video_itu_656_decoder.v                                                        ;
; nios_system/synthesis/submodules/altera_up_video_scaler_multiply_height.v                                                 ;
; nios_system/synthesis/submodules/altera_up_video_scaler_multiply_width.v                                                  ;
; nios_system/synthesis/submodules/altera_up_video_scaler_shrink.v                                                          ;
; nios_system/synthesis/submodules/altera_up_YCrCb_to_RGB_converter.v                                                       ;
; nios_system/synthesis/submodules/fpoint_hw_qsys.v                                                                         ;
; nios_system/synthesis/submodules/fpoint_qsys.v                                                                            ;
; nios_system/synthesis/submodules/fpoint_wrapper.v                                                                         ;
; nios_system/synthesis/submodules/nios_system_addr_router.sv                                                               ;
; nios_system/synthesis/submodules/nios_system_addr_router_001.sv                                                           ;
; nios_system/synthesis/submodules/nios_system_addr_router_002.sv                                                           ;
; nios_system/synthesis/submodules/nios_system_Alpha_Blending.v                                                             ;
; nios_system/synthesis/submodules/nios_system_Audio.v                                                                      ;
; nios_system/synthesis/submodules/nios_system_AV_Config.v                                                                  ;
; nios_system/synthesis/submodules/nios_system_Char_LCD_16x2.v                                                              ;
; nios_system/synthesis/submodules/nios_system_cmd_xbar_demux.sv                                                            ;
; nios_system/synthesis/submodules/nios_system_cmd_xbar_demux_001.sv                                                        ;
; nios_system/synthesis/submodules/nios_system_cmd_xbar_demux_002.sv                                                        ;
; nios_system/synthesis/submodules/nios_system_cmd_xbar_mux.sv                                                              ;
; nios_system/synthesis/submodules/nios_system_cmd_xbar_mux_016.sv                                                          ;
; nios_system/synthesis/submodules/nios_system_CPU.ocp                                                                      ;
; nios_system/synthesis/submodules/nios_system_CPU.sdc                                                                      ;
; nios_system/synthesis/submodules/nios_system_CPU.v                                                                        ;
; nios_system/synthesis/submodules/nios_system_CPU_custom_instruction_master_multi_xconnect.sv                              ;
; nios_system/synthesis/submodules/nios_system_CPU_ic_tag_ram.mif                                                           ;
; nios_system/synthesis/submodules/nios_system_CPU_jtag_debug_module_sysclk.v                                               ;
; nios_system/synthesis/submodules/nios_system_CPU_jtag_debug_module_tck.v                                                  ;
; nios_system/synthesis/submodules/nios_system_CPU_jtag_debug_module_wrapper.v                                              ;
; nios_system/synthesis/submodules/nios_system_CPU_mult_cell.v                                                              ;
; nios_system/synthesis/submodules/nios_system_CPU_oci_test_bench.v                                                         ;
; nios_system/synthesis/submodules/nios_system_CPU_ociram_default_contents.mif                                              ;
; nios_system/synthesis/submodules/nios_system_CPU_rf_ram_a.mif                                                             ;
; nios_system/synthesis/submodules/nios_system_CPU_rf_ram_b.mif                                                             ;
; nios_system/synthesis/submodules/nios_system_CPU_test_bench.v                                                             ;
; nios_system/synthesis/submodules/nios_system_Expansion_JP5.v                                                              ;
; nios_system/synthesis/submodules/nios_system_External_Clocks.v                                                            ;
; nios_system/synthesis/submodules/nios_system_Green_LEDs.v                                                                 ;
; nios_system/synthesis/submodules/nios_system_HEX3_HEX0.v                                                                  ;
; nios_system/synthesis/submodules/nios_system_HEX7_HEX4.v                                                                  ;
; nios_system/synthesis/submodules/nios_system_id_router.sv                                                                 ;
; nios_system/synthesis/submodules/nios_system_id_router_003.sv                                                             ;
; nios_system/synthesis/submodules/nios_system_id_router_014.sv                                                             ;
; nios_system/synthesis/submodules/nios_system_id_router_016.sv                                                             ;
; nios_system/synthesis/submodules/nios_system_Interval_Timer.v                                                             ;
; nios_system/synthesis/submodules/nios_system_IrDA.v                                                                       ;
; nios_system/synthesis/submodules/nios_system_irq_mapper.sv                                                                ;
; nios_system/synthesis/submodules/nios_system_JTAG_UART.v                                                                  ;
; nios_system/synthesis/submodules/nios_system_PS2_Port.v                                                                   ;
; nios_system/synthesis/submodules/nios_system_Pushbuttons.v                                                                ;
; nios_system/synthesis/submodules/nios_system_Red_LEDs.v                                                                   ;
; nios_system/synthesis/submodules/nios_system_rsp_xbar_demux.sv                                                            ;
; nios_system/synthesis/submodules/nios_system_rsp_xbar_demux_003.sv                                                        ;
; nios_system/synthesis/submodules/nios_system_rsp_xbar_demux_014.sv                                                        ;
; nios_system/synthesis/submodules/nios_system_rsp_xbar_demux_016.sv                                                        ;
; nios_system/synthesis/submodules/nios_system_rsp_xbar_mux.sv                                                              ;
; nios_system/synthesis/submodules/nios_system_rsp_xbar_mux_001.sv                                                          ;
; nios_system/synthesis/submodules/nios_system_SDRAM.v                                                                      ;
; nios_system/synthesis/submodules/nios_system_Serial_Port.v                                                                ;
; nios_system/synthesis/submodules/nios_system_Slider_Switches.v                                                            ;
; nios_system/synthesis/submodules/nios_system_SRAM.v                                                                       ;
; nios_system/synthesis/submodules/nios_system_sysid.v                                                                      ;
; nios_system/synthesis/submodules/nios_system_USB.v                                                                        ;
; nios_system/synthesis/submodules/nios_system_VGA_Char_Buffer.v                                                            ;
; nios_system/synthesis/submodules/nios_system_VGA_Controller.v                                                             ;
; nios_system/synthesis/submodules/nios_system_VGA_Dual_Clock_FIFO.v                                                        ;
; nios_system/synthesis/submodules/nios_system_VGA_Pixel_Buffer.v                                                           ;
; nios_system/synthesis/submodules/nios_system_VGA_Pixel_RGB_Resampler.v                                                    ;
; nios_system/synthesis/submodules/nios_system_VGA_Pixel_Scaler.v                                                           ;
; nios_system/synthesis/submodules/nios_system_Video_In.v                                                                   ;
; nios_system/synthesis/submodules/nios_system_Video_In_Chroma_Resampler.v                                                  ;
; nios_system/synthesis/submodules/nios_system_Video_In_Clipper.v                                                           ;
; nios_system/synthesis/submodules/nios_system_Video_In_CSC.v                                                               ;
; nios_system/synthesis/submodules/nios_system_Video_In_DMA_Controller.v                                                    ;
; nios_system/synthesis/submodules/nios_system_Video_In_RGB_Resampler.v                                                     ;
; nios_system/synthesis/submodules/nios_system_Video_In_Scaler.v                                                            ;
; PLLJ_PLLSPE_INFO.txt                                                                                                      ;
; pwm.vhd                                                                                                                   ;
; readControl.vhd                                                                                                           ;
; reg.vhd                                                                                                                   ;
; rythmcontroller.vhd                                                                                                       ;
; sine_package.vhd                                                                                                          ;
; sine_wave.vhd                                                                                                             ;
; writeControl.vhd                                                                                                          ;
+---------------------------------------------------------------------------------------------------------------------------+


