Flow report for DE2_115_Media_Computer
Wed Jan 22 16:53:14 2020
Quartus II 64-Bit Version 13.0.1 Build 232 06/12/2013 Service Pack 1 SJ Web Edition


---------------------
; Table of Contents ;
---------------------
  1. Legal Notice
  2. Flow Summary
  3. Flow Settings
  4. Flow Non-Default Global Settings
  5. Flow Elapsed Time
  6. Flow OS Summary
  7. Flow Log
  8. Flow Messages
  9. Flow Suppressed Messages



----------------
; Legal Notice ;
----------------
Copyright (C) 1991-2013 Altera Corporation
Your use of Altera Corporation's design tools, logic functions 
and other software and tools, and its AMPP partner logic 
functions, and any output files from any of the foregoing 
(including device programming or simulation files), and any 
associated documentation or information are expressly subject 
to the terms and conditions of the Altera Program License 
Subscription Agreement, Altera MegaCore Function License 
Agreement, or other applicable license agreement, including, 
without limitation, that your use is for the sole purpose of 
programming logic devices manufactured by Altera and sold by 
Altera or its authorized distributors.  Please refer to the 
applicable agreement for further details.



+--------------------------------------------------------------------------------------+
; Flow Summary                                                                         ;
+------------------------------------+-------------------------------------------------+
; Flow Status                        ; Successful - Wed Jan 22 16:52:57 2020           ;
; Quartus II 64-Bit Version          ; 13.0.1 Build 232 06/12/2013 SP 1 SJ Web Edition ;
; Revision Name                      ; DE2_115_Media_Computer                          ;
; Top-level Entity Name              ; DE2_115_Media_Computer                          ;
; Family                             ; Cyclone IV E                                    ;
; Device                             ; EP4CE115F29C8                                   ;
; Timing Models                      ; Final                                           ;
; Total logic elements               ; 14,232 / 114,480 ( 12 % )                       ;
;     Total combinational functions  ; 12,603 / 114,480 ( 11 % )                       ;
;     Dedicated logic registers      ; 9,099 / 114,480 ( 8 % )                         ;
; Total registers                    ; 9410                                            ;
; Total pins                         ; 275 / 529 ( 52 % )                              ;
; Total virtual pins                 ; 0                                               ;
; Total memory bits                  ; 197,433 / 3,981,312 ( 5 % )                     ;
; Embedded Multiplier 9-bit elements ; 11 / 532 ( 2 % )                                ;
; Total PLLs                         ; 2 / 4 ( 50 % )                                  ;
+------------------------------------+-------------------------------------------------+


+--------------------------------------------+
; Flow Settings                              ;
+-------------------+------------------------+
; Option            ; Setting                ;
+-------------------+------------------------+
; Start date & time ; 01/22/2020 16:49:47    ;
; Main task         ; Compilation            ;
; Revision Name     ; DE2_115_Media_Computer ;
+-------------------+------------------------+


+-------------------------------------------------------------------------------------------------------------------------------------------------------------------------------------------------------+
; Flow Non-Default Global Settings                                                                                                                                                                      ;
+-------------------------------------+---------------------------------------------------------------------+---------------+----------------------------------------------------------+----------------+
; Assignment Name                     ; Value                                                               ; Default Value ; Entity Name                                              ; Section Id     ;
+-------------------------------------+---------------------------------------------------------------------+---------------+----------------------------------------------------------+----------------+
; COMPILER_SIGNATURE_ID               ; 93328258817948.157970818707824                                      ; --            ; --                                                       ; --             ;
; IP_TOOL_ENV                         ; Qsys                                                                ; --            ; altera_avalon_sc_fifo                                    ; --             ;
; IP_TOOL_ENV                         ; Qsys                                                                ; --            ; altera_customins_master_translator                       ; --             ;
; IP_TOOL_ENV                         ; Qsys                                                                ; --            ; altera_customins_slave_translator                        ; --             ;
; IP_TOOL_ENV                         ; Qsys                                                                ; --            ; altera_merlin_burst_adapter                              ; --             ;
; IP_TOOL_ENV                         ; Qsys                                                                ; --            ; altera_merlin_master_agent                               ; --             ;
; IP_TOOL_ENV                         ; Qsys                                                                ; --            ; altera_merlin_master_translator                          ; --             ;
; IP_TOOL_ENV                         ; Qsys                                                                ; --            ; altera_merlin_slave_agent                                ; --             ;
; IP_TOOL_ENV                         ; Qsys                                                                ; --            ; altera_merlin_slave_translator                           ; --             ;
; IP_TOOL_ENV                         ; Qsys                                                                ; --            ; altera_merlin_traffic_limiter                            ; --             ;
; IP_TOOL_ENV                         ; Qsys                                                                ; --            ; altera_merlin_width_adapter                              ; --             ;
; IP_TOOL_ENV                         ; Qsys                                                                ; --            ; altera_reset_controller                                  ; --             ;
; IP_TOOL_ENV                         ; Qsys                                                                ; --            ; fpoint_wrapper                                           ; --             ;
; IP_TOOL_ENV                         ; Qsys                                                                ; --            ; nios_system                                              ; --             ;
; IP_TOOL_ENV                         ; Qsys                                                                ; --            ; nios_system_CPU                                          ; --             ;
; IP_TOOL_ENV                         ; Qsys                                                                ; --            ; nios_system_CPU_custom_instruction_master_multi_xconnect ; --             ;
; IP_TOOL_ENV                         ; Qsys                                                                ; --            ; nios_system_Interval_Timer                               ; --             ;
; IP_TOOL_ENV                         ; Qsys                                                                ; --            ; nios_system_JTAG_UART                                    ; --             ;
; IP_TOOL_ENV                         ; Qsys                                                                ; --            ; nios_system_addr_router                                  ; --             ;
; IP_TOOL_ENV                         ; Qsys                                                                ; --            ; nios_system_addr_router_001                              ; --             ;
; IP_TOOL_ENV                         ; Qsys                                                                ; --            ; nios_system_cmd_xbar_demux                               ; --             ;
; IP_TOOL_ENV                         ; Qsys                                                                ; --            ; nios_system_cmd_xbar_demux_001                           ; --             ;
; IP_TOOL_ENV                         ; Qsys                                                                ; --            ; nios_system_cmd_xbar_mux                                 ; --             ;
; IP_TOOL_ENV                         ; Qsys                                                                ; --            ; nios_system_id_router                                    ; --             ;
; IP_TOOL_ENV                         ; Qsys                                                                ; --            ; nios_system_id_router_003                                ; --             ;
; IP_TOOL_ENV                         ; Qsys                                                                ; --            ; nios_system_id_router_014                                ; --             ;
; IP_TOOL_ENV                         ; Qsys                                                                ; --            ; nios_system_id_router_015                                ; --             ;
; IP_TOOL_ENV                         ; Qsys                                                                ; --            ; nios_system_irq_mapper                                   ; --             ;
; IP_TOOL_ENV                         ; Qsys                                                                ; --            ; nios_system_onchip_memory2_0                             ; --             ;
; IP_TOOL_ENV                         ; Qsys                                                                ; --            ; nios_system_rsp_xbar_demux                               ; --             ;
; IP_TOOL_ENV                         ; Qsys                                                                ; --            ; nios_system_rsp_xbar_demux_003                           ; --             ;
; IP_TOOL_ENV                         ; Qsys                                                                ; --            ; nios_system_rsp_xbar_mux                                 ; --             ;
; IP_TOOL_ENV                         ; Qsys                                                                ; --            ; nios_system_rsp_xbar_mux_001                             ; --             ;
; IP_TOOL_ENV                         ; Qsys                                                                ; --            ; nios_system_sysid                                        ; --             ;
; IP_TOOL_NAME                        ; RAM: 2-PORT                                                         ; --            ; --                                                       ; --             ;
; IP_TOOL_NAME                        ; altera_avalon_sc_fifo                                               ; --            ; altera_avalon_sc_fifo                                    ; --             ;
; IP_TOOL_NAME                        ; altera_customins_master_translator                                  ; --            ; altera_customins_master_translator                       ; --             ;
; IP_TOOL_NAME                        ; altera_customins_slave_translator                                   ; --            ; altera_customins_slave_translator                        ; --             ;
; IP_TOOL_NAME                        ; altera_merlin_burst_adapter                                         ; --            ; altera_merlin_burst_adapter                              ; --             ;
; IP_TOOL_NAME                        ; altera_merlin_master_agent                                          ; --            ; altera_merlin_master_agent                               ; --             ;
; IP_TOOL_NAME                        ; altera_merlin_master_translator                                     ; --            ; altera_merlin_master_translator                          ; --             ;
; IP_TOOL_NAME                        ; altera_merlin_slave_agent                                           ; --            ; altera_merlin_slave_agent                                ; --             ;
; IP_TOOL_NAME                        ; altera_merlin_slave_translator                                      ; --            ; altera_merlin_slave_translator                           ; --             ;
; IP_TOOL_NAME                        ; altera_merlin_traffic_limiter                                       ; --            ; altera_merlin_traffic_limiter                            ; --             ;
; IP_TOOL_NAME                        ; altera_merlin_width_adapter                                         ; --            ; altera_merlin_width_adapter                              ; --             ;
; IP_TOOL_NAME                        ; altera_reset_controller                                             ; --            ; altera_reset_controller                                  ; --             ;
; IP_TOOL_NAME                        ; altera_nios_custom_instr_floating_point                             ; --            ; fpoint_wrapper                                           ; --             ;
; IP_TOOL_NAME                        ; Qsys                                                                ; --            ; nios_system                                              ; --             ;
; IP_TOOL_NAME                        ; altera_nios2_qsys                                                   ; --            ; nios_system_CPU                                          ; --             ;
; IP_TOOL_NAME                        ; altera_customins_xconnect                                           ; --            ; nios_system_CPU_custom_instruction_master_multi_xconnect ; --             ;
; IP_TOOL_NAME                        ; altera_avalon_timer                                                 ; --            ; nios_system_Interval_Timer                               ; --             ;
; IP_TOOL_NAME                        ; altera_avalon_jtag_uart                                             ; --            ; nios_system_JTAG_UART                                    ; --             ;
; IP_TOOL_NAME                        ; altera_merlin_router                                                ; --            ; nios_system_addr_router                                  ; --             ;
; IP_TOOL_NAME                        ; altera_merlin_router                                                ; --            ; nios_system_addr_router_001                              ; --             ;
; IP_TOOL_NAME                        ; altera_merlin_demultiplexer                                         ; --            ; nios_system_cmd_xbar_demux                               ; --             ;
; IP_TOOL_NAME                        ; altera_merlin_demultiplexer                                         ; --            ; nios_system_cmd_xbar_demux_001                           ; --             ;
; IP_TOOL_NAME                        ; altera_merlin_multiplexer                                           ; --            ; nios_system_cmd_xbar_mux                                 ; --             ;
; IP_TOOL_NAME                        ; altera_merlin_router                                                ; --            ; nios_system_id_router                                    ; --             ;
; IP_TOOL_NAME                        ; altera_merlin_router                                                ; --            ; nios_system_id_router_003                                ; --             ;
; IP_TOOL_NAME                        ; altera_merlin_router                                                ; --            ; nios_system_id_router_014                                ; --             ;
; IP_TOOL_NAME                        ; altera_merlin_router                                                ; --            ; nios_system_id_router_015                                ; --             ;
; IP_TOOL_NAME                        ; altera_irq_mapper                                                   ; --            ; nios_system_irq_mapper                                   ; --             ;
; IP_TOOL_NAME                        ; altera_avalon_onchip_memory2                                        ; --            ; nios_system_onchip_memory2_0                             ; --             ;
; IP_TOOL_NAME                        ; altera_merlin_demultiplexer                                         ; --            ; nios_system_rsp_xbar_demux                               ; --             ;
; IP_TOOL_NAME                        ; altera_merlin_demultiplexer                                         ; --            ; nios_system_rsp_xbar_demux_003                           ; --             ;
; IP_TOOL_NAME                        ; altera_merlin_multiplexer                                           ; --            ; nios_system_rsp_xbar_mux                                 ; --             ;
; IP_TOOL_NAME                        ; altera_merlin_multiplexer                                           ; --            ; nios_system_rsp_xbar_mux_001                             ; --             ;
; IP_TOOL_NAME                        ; altera_avalon_sysid_qsys                                            ; --            ; nios_system_sysid                                        ; --             ;
; IP_TOOL_VERSION                     ; 8.0                                                                 ; --            ; --                                                       ; --             ;
; IP_TOOL_VERSION                     ; 13.0                                                                ; --            ; altera_avalon_sc_fifo                                    ; --             ;
; IP_TOOL_VERSION                     ; 13.0                                                                ; --            ; altera_customins_master_translator                       ; --             ;
; IP_TOOL_VERSION                     ; 13.0                                                                ; --            ; altera_customins_slave_translator                        ; --             ;
; IP_TOOL_VERSION                     ; 13.0                                                                ; --            ; altera_merlin_burst_adapter                              ; --             ;
; IP_TOOL_VERSION                     ; 13.0                                                                ; --            ; altera_merlin_master_agent                               ; --             ;
; IP_TOOL_VERSION                     ; 13.0                                                                ; --            ; altera_merlin_master_translator                          ; --             ;
; IP_TOOL_VERSION                     ; 13.0                                                                ; --            ; altera_merlin_slave_agent                                ; --             ;
; IP_TOOL_VERSION                     ; 13.0                                                                ; --            ; altera_merlin_slave_translator                           ; --             ;
; IP_TOOL_VERSION                     ; 13.0                                                                ; --            ; altera_merlin_traffic_limiter                            ; --             ;
; IP_TOOL_VERSION                     ; 13.0                                                                ; --            ; altera_merlin_width_adapter                              ; --             ;
; IP_TOOL_VERSION                     ; 13.0                                                                ; --            ; altera_reset_controller                                  ; --             ;
; IP_TOOL_VERSION                     ; 13.0                                                                ; --            ; fpoint_wrapper                                           ; --             ;
; IP_TOOL_VERSION                     ; 13.0sp1                                                             ; --            ; nios_system                                              ; --             ;
; IP_TOOL_VERSION                     ; 13.0                                                                ; --            ; nios_system_CPU                                          ; --             ;
; IP_TOOL_VERSION                     ; 13.0                                                                ; --            ; nios_system_CPU_custom_instruction_master_multi_xconnect ; --             ;
; IP_TOOL_VERSION                     ; 13.0.1.99.2                                                         ; --            ; nios_system_Interval_Timer                               ; --             ;
; IP_TOOL_VERSION                     ; 13.0.1.99.2                                                         ; --            ; nios_system_JTAG_UART                                    ; --             ;
; IP_TOOL_VERSION                     ; 13.0                                                                ; --            ; nios_system_addr_router                                  ; --             ;
; IP_TOOL_VERSION                     ; 13.0                                                                ; --            ; nios_system_addr_router_001                              ; --             ;
; IP_TOOL_VERSION                     ; 13.0                                                                ; --            ; nios_system_cmd_xbar_demux                               ; --             ;
; IP_TOOL_VERSION                     ; 13.0                                                                ; --            ; nios_system_cmd_xbar_demux_001                           ; --             ;
; IP_TOOL_VERSION                     ; 13.0                                                                ; --            ; nios_system_cmd_xbar_mux                                 ; --             ;
; IP_TOOL_VERSION                     ; 13.0                                                                ; --            ; nios_system_id_router                                    ; --             ;
; IP_TOOL_VERSION                     ; 13.0                                                                ; --            ; nios_system_id_router_003                                ; --             ;
; IP_TOOL_VERSION                     ; 13.0                                                                ; --            ; nios_system_id_router_014                                ; --             ;
; IP_TOOL_VERSION                     ; 13.0                                                                ; --            ; nios_system_id_router_015                                ; --             ;
; IP_TOOL_VERSION                     ; 13.0                                                                ; --            ; nios_system_irq_mapper                                   ; --             ;
; IP_TOOL_VERSION                     ; 13.0.1.99.2                                                         ; --            ; nios_system_onchip_memory2_0                             ; --             ;
; IP_TOOL_VERSION                     ; 13.0                                                                ; --            ; nios_system_rsp_xbar_demux                               ; --             ;
; IP_TOOL_VERSION                     ; 13.0                                                                ; --            ; nios_system_rsp_xbar_demux_003                           ; --             ;
; IP_TOOL_VERSION                     ; 13.0                                                                ; --            ; nios_system_rsp_xbar_mux                                 ; --             ;
; IP_TOOL_VERSION                     ; 13.0                                                                ; --            ; nios_system_rsp_xbar_mux_001                             ; --             ;
; IP_TOOL_VERSION                     ; 13.0                                                                ; --            ; nios_system_sysid                                        ; --             ;
; MAX_CORE_JUNCTION_TEMP              ; 85                                                                  ; --            ; --                                                       ; --             ;
; MIN_CORE_JUNCTION_TEMP              ; 0                                                                   ; --            ; --                                                       ; --             ;
; MISC_FILE                           ; nios_system/synthesis/../../nios_system.cmp                         ; --            ; --                                                       ; --             ;
; MISC_FILE                           ; nios_system/synthesis/../../nios_system.qsys                        ; --            ; --                                                       ; --             ;
; MISC_FILE                           ; nios_system/synthesis/submodules/Altera_UP_SD_Card_Memory_Block.bsf ; --            ; --                                                       ; --             ;
; MISC_FILE                           ; nios_system/synthesis/submodules/Altera_UP_SD_Card_Memory_Block.cmp ; --            ; --                                                       ; --             ;
; PARTITION_COLOR                     ; 16764057                                                            ; --            ; --                                                       ; Top            ;
; PARTITION_FITTER_PRESERVATION_LEVEL ; PLACEMENT_AND_ROUTING                                               ; --            ; --                                                       ; Top            ;
; PARTITION_NETLIST_TYPE              ; SOURCE                                                              ; --            ; --                                                       ; Top            ;
; POWER_BOARD_THERMAL_MODEL           ; None (CONSERVATIVE)                                                 ; --            ; --                                                       ; --             ;
; POWER_PRESET_COOLING_SOLUTION       ; 23 MM HEAT SINK WITH 200 LFPM AIRFLOW                               ; --            ; --                                                       ; --             ;
; SEARCH_PATH                         ; software/DM_onchip_2/mem_init/                                      ; --            ; --                                                       ; --             ;
; SLD_INFO                            ; QSYS_NAME nios_system HAS_SOPCINFO 1 GENERATION_ID 1579707414       ; --            ; nios_system                                              ; --             ;
; SOPCINFO_FILE                       ; nios_system/synthesis/../../nios_system.sopcinfo                    ; --            ; --                                                       ; --             ;
; SYNTHESIS_ONLY_QIP                  ; On                                                                  ; --            ; --                                                       ; --             ;
; USE_GENERATED_PHYSICAL_CONSTRAINTS  ; Off                                                                 ; --            ; --                                                       ; eda_blast_fpga ;
+-------------------------------------+---------------------------------------------------------------------+---------------+----------------------------------------------------------+----------------+


+-------------------------------------------------------------------------------------------------------------------------------+
; Flow Elapsed Time                                                                                                             ;
+---------------------------+--------------+-------------------------+---------------------+------------------------------------+
; Module Name               ; Elapsed Time ; Average Processors Used ; Peak Virtual Memory ; Total CPU Time (on all processors) ;
+---------------------------+--------------+-------------------------+---------------------+------------------------------------+
; Analysis & Synthesis      ; 00:01:19     ; 1.0                     ; 5100 MB             ; 00:01:17                           ;
; Fitter                    ; 00:01:31     ; 1.0                     ; 5255 MB             ; 00:01:31                           ;
; Assembler                 ; 00:00:06     ; 1.0                     ; 4668 MB             ; 00:00:06                           ;
; TimeQuest Timing Analyzer ; 00:00:16     ; 1.0                     ; 4937 MB             ; 00:00:15                           ;
; Total                     ; 00:03:12     ; --                      ; --                  ; 00:03:09                           ;
+---------------------------+--------------+-------------------------+---------------------+------------------------------------+


+----------------------------------------------------------------------------------------+
; Flow OS Summary                                                                        ;
+---------------------------+------------------+-----------+------------+----------------+
; Module Name               ; Machine Hostname ; OS Name   ; OS Version ; Processor type ;
+---------------------------+------------------+-----------+------------+----------------+
; Analysis & Synthesis      ; DESKTOP-B7V84GD  ; Windows 7 ; 6.2        ; x86_64         ;
; Fitter                    ; DESKTOP-B7V84GD  ; Windows 7 ; 6.2        ; x86_64         ;
; Assembler                 ; DESKTOP-B7V84GD  ; Windows 7 ; 6.2        ; x86_64         ;
; TimeQuest Timing Analyzer ; DESKTOP-B7V84GD  ; Windows 7 ; 6.2        ; x86_64         ;
+---------------------------+------------------+-----------+------------+----------------+


------------
; Flow Log ;
------------
quartus_map --read_settings_files=on --write_settings_files=off DE2_115_Media_Computer -c DE2_115_Media_Computer
quartus_fit --read_settings_files=off --write_settings_files=off DE2_115_Media_Computer -c DE2_115_Media_Computer
quartus_asm --read_settings_files=off --write_settings_files=off DE2_115_Media_Computer -c DE2_115_Media_Computer
quartus_sta DE2_115_Media_Computer -c DE2_115_Media_Computer



